<?xml version="1.0" encoding="UTF-8"?>
<testng-results ignored="0" total="1" passed="0" failed="1" skipped="0">
  <reporter-output>
  </reporter-output>
  <suite started-at="2024-04-25T12:56:09 IST" name="Default suite" finished-at="2024-04-25T12:56:18 IST" duration-ms="8989">
    <groups>
    </groups>
    <test started-at="2024-04-25T12:56:09 IST" name="Default test" finished-at="2024-04-25T12:56:18 IST" duration-ms="8989">
      <class name="BuyDirect.BuyDirectTests.WelcomePageTest">
        <test-method is-config="true" signature="launchApp()[pri:0, instance:BuyDirect.BuyDirectTests.WelcomePageTest@2d3379b4]" started-at="2024-04-25T12:56:09 IST" name="launchApp" finished-at="2024-04-25T12:56:15 IST" duration-ms="5316" status="PASS">
          <reporter-output>
          </reporter-output>
        </test-method> <!-- launchApp -->
        <test-method signature="verify_Welcome_Page_Body_Texts()[pri:0, instance:BuyDirect.BuyDirectTests.WelcomePageTest@2d3379b4]" started-at="2024-04-25T12:56:15 IST" name="verify_Welcome_Page_Body_Texts" finished-at="2024-04-25T12:56:18 IST" duration-ms="3507" status="FAIL">
          <exception class="java.lang.AssertionError">
            <message>
              <![CDATA[expected [To continue enrolling, sign in here] but found [To continue enrolling, Click Here to continue where you left off]]]>
            </message>
            <full-stacktrace>
              <![CDATA[java.lang.AssertionError: expected [To continue enrolling, sign in here] but found [To continue enrolling, Click Here to continue where you left off]
at org.testng.Assert.fail(Assert.java:111)
at org.testng.Assert.failNotEquals(Assert.java:1578)
at org.testng.Assert.assertEqualsImpl(Assert.java:150)
at org.testng.Assert.assertEquals(Assert.java:132)
at org.testng.Assert.assertEquals(Assert.java:656)
at org.testng.Assert.assertEquals(Assert.java:666)
at BuyDirect.BuyDirectTests.WelcomePageTest.verify_Welcome_Page_Body_Texts(WelcomePageTest.java:29)
at java.base/jdk.internal.reflect.DirectMethodHandleAccessor.invoke(DirectMethodHandleAccessor.java:103)
at java.base/java.lang.reflect.Method.invoke(Method.java:580)
at org.testng.internal.invokers.MethodInvocationHelper.invokeMethod(MethodInvocationHelper.java:139)
at org.testng.internal.invokers.TestInvoker.invokeMethod(TestInvoker.java:664)
at org.testng.internal.invokers.TestInvoker.invokeTestMethod(TestInvoker.java:228)
at org.testng.internal.invokers.MethodRunner.runInSequence(MethodRunner.java:63)
at org.testng.internal.invokers.TestInvoker$MethodInvocationAgent.invoke(TestInvoker.java:961)
at org.testng.internal.invokers.TestInvoker.invokeTestMethods(TestInvoker.java:201)
at org.testng.internal.invokers.TestMethodWorker.invokeTestMethods(TestMethodWorker.java:148)
at org.testng.internal.invokers.TestMethodWorker.run(TestMethodWorker.java:128)
at java.base/java.util.ArrayList.forEach(ArrayList.java:1596)
at org.testng.TestRunner.privateRun(TestRunner.java:819)
at org.testng.TestRunner.run(TestRunner.java:619)
at org.testng.SuiteRunner.runTest(SuiteRunner.java:443)
at org.testng.SuiteRunner.runSequentially(SuiteRunner.java:437)
at org.testng.SuiteRunner.privateRun(SuiteRunner.java:397)
at org.testng.SuiteRunner.run(SuiteRunner.java:336)
at org.testng.SuiteRunnerWorker.runSuite(SuiteRunnerWorker.java:52)
at org.testng.SuiteRunnerWorker.run(SuiteRunnerWorker.java:95)
at org.testng.TestNG.runSuitesSequentially(TestNG.java:1301)
at org.testng.TestNG.runSuitesLocally(TestNG.java:1228)
at org.testng.TestNG.runSuites(TestNG.java:1134)
at org.testng.TestNG.run(TestNG.java:1101)
at org.testng.remote.AbstractRemoteTestNG.run(AbstractRemoteTestNG.java:115)
at org.testng.remote.RemoteTestNG.initAndRun(RemoteTestNG.java:251)
at org.testng.remote.RemoteTestNG.main(RemoteTestNG.java:77)
]]>
            </full-stacktrace>
          </exception> <!-- java.lang.AssertionError -->
          <reporter-output>
          </reporter-output>
        </test-method> <!-- verify_Welcome_Page_Body_Texts -->
        <test-method is-config="true" signature="tearDown()[pri:0, instance:BuyDirect.BuyDirectTests.WelcomePageTest@2d3379b4]" started-at="2024-04-25T12:56:18 IST" name="tearDown" finished-at="2024-04-25T12:56:18 IST" duration-ms="131" status="PASS">
          <reporter-output>
          </reporter-output>
        </test-method> <!-- tearDown -->
      </class> <!-- BuyDirect.BuyDirectTests.WelcomePageTest -->
    </test> <!-- Default test -->
  </suite> <!-- Default suite -->
</testng-results>
